0 verbose cli /opt/homebrew/Cellar/node/23.7.0/bin/node /opt/homebrew/bin/npm
1 info using npm@10.9.2
2 info using node@v23.7.0
3 silly config load:file:/opt/homebrew/lib/node_modules/npm/npmrc
4 silly config load:file:/Users/sallysamuel/workspace/shepherd-hub/.npmrc
5 silly config load:file:/Users/sallysamuel/.npmrc
6 silly config load:file:/opt/homebrew/etc/npmrc
7 verbose title npm ci
8 verbose argv "ci" "--cache" ".npm" "--prefer-offline"
9 verbose logfile logs-max:10 dir:/Users/sallysamuel/workspace/shepherd-hub/.npm/_logs/2026-03-25T16_08_56_996Z-
10 verbose logfile /Users/sallysamuel/workspace/shepherd-hub/.npm/_logs/2026-03-25T16_08_56_996Z-debug-0.log
11 silly logfile done cleaning log files
12 silly packumentCache heap:4345298944 maxSize:1086324736 maxEntrySize:543162368
13 http fetch GET https://registry.npmjs.org/npm attempt 1 failed with ENOTFOUND
14 silly idealTree buildDeps
15 silly fetch manifest zod@3.25.17
16 silly packumentCache full:https://registry.npmjs.org/zod cache-miss
17 http fetch GET https://registry.npmjs.org/zod attempt 1 failed with ENOTFOUND
18 http fetch GET https://registry.npmjs.org/npm attempt 2 failed with ENOTFOUND
19 http fetch GET https://registry.npmjs.org/zod attempt 2 failed with ENOTFOUND
20 http fetch GET https://registry.npmjs.org/npm attempt 3 failed with ENOTFOUND
21 http fetch GET https://registry.npmjs.org/zod attempt 3 failed with ENOTFOUND
22 silly placeDep node_modules/@aws-amplify/data-construct zod@ REPLACE for: @aws-amplify/backend-output-schemas@1.8.0 want: 3.25.17
23 warn ERESOLVE overriding peer dependency {
23 warn ERESOLVE   code: 'ERESOLVE',
23 warn ERESOLVE   edge: {
23 warn ERESOLVE     type: 'peer',
23 warn ERESOLVE     name: 'zod',
23 warn ERESOLVE     spec: '3.25.17',
23 warn ERESOLVE     error: 'PEER LOCAL',
23 warn ERESOLVE     from: {
23 warn ERESOLVE       name: '@aws-amplify/backend-output-schemas',
23 warn ERESOLVE       version: '1.8.0',
23 warn ERESOLVE       location: 'node_modules/@aws-amplify/data-construct/node_modules/@aws-amplify/backend-output-schemas',
23 warn ERESOLVE       isWorkspace: false,
23 warn ERESOLVE       dependents: [Array]
23 warn ERESOLVE     }
23 warn ERESOLVE   },
23 warn ERESOLVE   dep: {
23 warn ERESOLVE     name: 'zod',
23 warn ERESOLVE     version: undefined,
23 warn ERESOLVE     errors: [ [FetchError] ],
23 warn ERESOLVE     package: {},
23 warn ERESOLVE     whileInstalling: {
23 warn ERESOLVE       name: '@aws-amplify/backend-output-schemas',
23 warn ERESOLVE       version: '1.8.0',
23 warn ERESOLVE       path: '/Users/sallysamuel/workspace/shepherd-hub/node_modules/@aws-amplify/data-construct/node_modules/@aws-amplify/backend-output-schemas'
23 warn ERESOLVE     },
23 warn ERESOLVE     location: 'node_modules/zod',
23 warn ERESOLVE     isWorkspace: false,
23 warn ERESOLVE     dependents: [ [Object] ]
23 warn ERESOLVE   },
23 warn ERESOLVE   force: false,
23 warn ERESOLVE   isMine: false,
23 warn ERESOLVE   strictPeerDeps: false,
23 warn ERESOLVE   current: {
23 warn ERESOLVE     name: 'zod',
23 warn ERESOLVE     version: '3.25.17',
23 warn ERESOLVE     location: 'node_modules/@aws-amplify/data-construct/node_modules/@aws-amplify/backend-output-schemas/node_modules/zod',
23 warn ERESOLVE     isWorkspace: false,
23 warn ERESOLVE     dependents: []
23 warn ERESOLVE   }
23 warn ERESOLVE }
24 silly fetch manifest fast-xml-parser@4.4.1
25 silly packumentCache full:https://registry.npmjs.org/fast-xml-parser cache-miss
26 http cache https://registry.npmjs.org/fast-xml-parser 7ms (cache hit)
27 silly packumentCache full:https://registry.npmjs.org/fast-xml-parser set size:568268 disposed:false
28 silly placeDep node_modules/@aws-amplify/data-construct/node_modules/@aws-sdk/core fast-xml-parser@4.4.1 OK for: @aws-sdk/core@3.635.0 want: 4.4.1
29 silly fetch manifest zod@3.25.17
30 silly packumentCache full:https://registry.npmjs.org/zod cache-miss
31 http cache https://registry.npmjs.org/zod 7ms (cache hit)
32 silly packumentCache full:https://registry.npmjs.org/zod set size:3489329 disposed:false
33 silly placeDep ROOT zod@3.25.17 KEEP for: @aws-amplify/backend-output-schemas@1.8.0 want: 3.25.17
34 warn ERESOLVE overriding peer dependency {
34 warn ERESOLVE   code: 'ERESOLVE',
34 warn ERESOLVE   edge: {
34 warn ERESOLVE     type: 'peer',
34 warn ERESOLVE     name: 'zod',
34 warn ERESOLVE     spec: '3.25.17',
34 warn ERESOLVE     error: 'PEER LOCAL',
34 warn ERESOLVE     from: {
34 warn ERESOLVE       name: '@aws-amplify/backend-output-schemas',
34 warn ERESOLVE       version: '1.8.0',
34 warn ERESOLVE       location: 'node_modules/@aws-amplify/graphql-api-construct/node_modules/@aws-amplify/backend-output-schemas',
34 warn ERESOLVE       isWorkspace: false,
34 warn ERESOLVE       dependents: [Array]
34 warn ERESOLVE     }
34 warn ERESOLVE   },
34 warn ERESOLVE   dep: {
34 warn ERESOLVE     name: 'zod',
34 warn ERESOLVE     version: '3.25.17',
34 warn ERESOLVE     whileInstalling: {
34 warn ERESOLVE       name: '@aws-amplify/backend-output-schemas',
34 warn ERESOLVE       version: '1.8.0',
34 warn ERESOLVE       path: '/Users/sallysamuel/workspace/shepherd-hub/node_modules/@aws-amplify/graphql-api-construct/node_modules/@aws-amplify/backend-output-schemas'
34 warn ERESOLVE     },
34 warn ERESOLVE     location: 'node_modules/zod',
34 warn ERESOLVE     isWorkspace: false,
34 warn ERESOLVE     dependents: [ [Object] ]
34 warn ERESOLVE   },
34 warn ERESOLVE   force: false,
34 warn ERESOLVE   isMine: false,
34 warn ERESOLVE   strictPeerDeps: false,
34 warn ERESOLVE   current: {
34 warn ERESOLVE     name: 'zod',
34 warn ERESOLVE     version: '3.25.17',
34 warn ERESOLVE     location: 'node_modules/@aws-amplify/graphql-api-construct/node_modules/@aws-amplify/backend-output-schemas/node_modules/zod',
34 warn ERESOLVE     isWorkspace: false,
34 warn ERESOLVE     dependents: []
34 warn ERESOLVE   }
34 warn ERESOLVE }
35 silly placeDep node_modules/@aws-amplify/graphql-api-construct/node_modules/@aws-sdk/core fast-xml-parser@4.4.1 OK for: @aws-sdk/core@3.635.0 want: 4.4.1
36 silly placeDep node_modules/@aws-amplify/data-construct/node_modules/@aws-amplify/ai-constructs fast-xml-parser@4.4.1 OK for: @aws-sdk/core@3.622.0 want: 4.4.1
37 silly fetch manifest fast-xml-parser@5.4.1
38 silly packumentCache full:https://registry.npmjs.org/fast-xml-parser cache-hit
39 silly placeDep node_modules/@aws-amplify/data-construct/node_modules/@aws-amplify/platform-core fast-xml-parser@5.4.1 OK for: @aws-sdk/xml-builder@3.972.11 want: 5.4.1
40 silly fetch manifest strnum@^2.1.2
41 silly packumentCache full:https://registry.npmjs.org/strnum cache-miss
42 http cache https://registry.npmjs.org/strnum 4ms (cache hit)
43 silly packumentCache full:https://registry.npmjs.org/strnum set size:39747 disposed:false
44 silly placeDep node_modules/@aws-amplify/data-construct/node_modules/@aws-amplify/platform-core strnum@2.2.2 OK for: fast-xml-parser@5.4.1 want: ^2.1.2
45 silly placeDep node_modules/@aws-amplify/data-construct/node_modules/@aws-sdk/client-bedrock-runtime fast-xml-parser@4.4.1 OK for: @aws-sdk/core@3.826.0 want: 4.4.1
46 silly placeDep node_modules/@aws-amplify/data-construct/node_modules/@aws-sdk/client-sts fast-xml-parser@4.4.1 OK for: @aws-sdk/core@3.775.0 want: 4.4.1
47 silly fetch manifest fast-xml-parser@5.2.5
48 silly packumentCache full:https://registry.npmjs.org/fast-xml-parser cache-hit
49 silly placeDep node_modules/@aws-amplify/data-construct/node_modules/@aws-sdk/credential-provider-login fast-xml-parser@5.2.5 OK for: @aws-sdk/xml-builder@3.953.0 want: 5.2.5
50 silly fetch manifest strnum@^2.1.0
51 silly packumentCache full:https://registry.npmjs.org/strnum cache-hit
52 silly placeDep node_modules/@aws-amplify/data-construct/node_modules/@aws-sdk/credential-provider-login strnum@2.2.2 OK for: fast-xml-parser@5.2.5 want: ^2.1.0
53 silly placeDep node_modules/@aws-amplify/data-construct/node_modules/@aws-sdk/nested-clients fast-xml-parser@4.4.1 OK for: @aws-sdk/core@3.775.0 want: 4.4.1
54 silly placeDep node_modules/@aws-amplify/graphql-api-construct/node_modules/@aws-amplify/ai-constructs fast-xml-parser@4.4.1 OK for: @aws-sdk/core@3.622.0 want: 4.4.1
55 silly placeDep node_modules/@aws-amplify/graphql-api-construct/node_modules/@aws-amplify/platform-core fast-xml-parser@5.4.1 OK for: @aws-sdk/xml-builder@3.972.11 want: 5.4.1
56 silly placeDep node_modules/@aws-amplify/graphql-api-construct/node_modules/@aws-amplify/platform-core strnum@2.2.2 OK for: fast-xml-parser@5.4.1 want: ^2.1.2
57 silly placeDep node_modules/@aws-amplify/graphql-api-construct/node_modules/@aws-sdk/client-bedrock-runtime fast-xml-parser@4.4.1 OK for: @aws-sdk/core@3.826.0 want: 4.4.1
58 silly placeDep node_modules/@aws-amplify/graphql-api-construct/node_modules/@aws-sdk/client-sts fast-xml-parser@4.4.1 OK for: @aws-sdk/core@3.775.0 want: 4.4.1
59 silly placeDep node_modules/@aws-amplify/graphql-api-construct/node_modules/@aws-sdk/credential-provider-login fast-xml-parser@5.2.5 OK for: @aws-sdk/xml-builder@3.953.0 want: 5.2.5
60 silly placeDep node_modules/@aws-amplify/graphql-api-construct/node_modules/@aws-sdk/credential-provider-login strnum@2.2.2 OK for: fast-xml-parser@5.2.5 want: ^2.1.0
61 silly placeDep node_modules/@aws-amplify/graphql-api-construct/node_modules/@aws-sdk/nested-clients fast-xml-parser@4.4.1 OK for: @aws-sdk/core@3.775.0 want: 4.4.1
62 verbose type system
63 verbose stack FetchError: request to https://registry.npmjs.org/zod failed, reason: getaddrinfo ENOTFOUND registry.npmjs.org
63 verbose stack     at ClientRequest.<anonymous> (/opt/homebrew/lib/node_modules/npm/node_modules/minipass-fetch/lib/index.js:130:14)
63 verbose stack     at ClientRequest.emit (node:events:507:28)
63 verbose stack     at emitErrorEvent (node:_http_client:104:11)
63 verbose stack     at _destroy (node:_http_client:898:9)
63 verbose stack     at onSocketNT (node:_http_client:918:5)
63 verbose stack     at process.processTicksAndRejections (node:internal/process/task_queues:91:21)
64 error code ENOTFOUND
65 error syscall getaddrinfo
66 error errno ENOTFOUND
67 error network request to https://registry.npmjs.org/zod failed, reason: getaddrinfo ENOTFOUND registry.npmjs.org
68 error network This is a problem related to network connectivity.
68 error network In most cases you are behind a proxy or have bad network settings.
68 error network
68 error network If you are behind a proxy, please make sure that the
68 error network 'proxy' config is set properly.  See: 'npm help config'
69 verbose cwd /Users/sallysamuel/workspace/shepherd-hub
70 verbose os Darwin 24.6.0
71 verbose node v23.7.0
72 verbose npm  v10.9.2
73 verbose exit 1
74 verbose code 1
75 error A complete log of this run can be found in: /Users/sallysamuel/workspace/shepherd-hub/.npm/_logs/2026-03-25T16_08_56_996Z-debug-0.log
